Removed Pin From Net: NetName=VCC33 Pin=P3-1
Removed Pin From Net: NetName=GND Pin=P3-2
Removed Pin From Net: NetName=SCREEN_CS Pin=P3-3
Removed Pin From Net: NetName=SCREEN_RESET Pin=P3-4
Removed Pin From Net: NetName=SCREEN_DC Pin=P3-5
Removed Pin From Net: NetName=SCREEN_MOSI Pin=P3-6
Removed Pin From Net: NetName=SCREEN_SCK Pin=P3-7
Removed Pin From Net: NetName=SCREEN_CS Pin=U2-27
Removed Pin From Net: NetName=SCREEN_RESET Pin=U2-28
Removed Pin From Net: NetName=SCREEN_MOSI Pin=U2-30
Removed Pin From Net: NetName=SCREEN_SCK Pin=U2-31
Removed Pin From Net: NetName=SCREEN_LED Pin=U2-32
Change Component DesignItemId : Designator=P3 Old DesignItemId=Header 9 New DesignItemId=Header 8
Change Component Footprint: Designator=P3 Old Footprint=HDR1X9 New Footprint=HDR1X8
Change Component Comment : Designator=P3 Old Comment=Display New Comment=Header 8
Added Pin To Net: NetName=GND Pin=P3-1
Added Pin To Net: NetName=VCC33 Pin=P3-2
Added Pin To Net: NetName=SCREEN_SCK Pin=P3-3
Added Pin To Net: NetName=SCREEN_MOSI Pin=P3-4
Added Pin To Net: NetName=SCREEN_RESET Pin=P3-5
Added Pin To Net: NetName=SCREEN_DC Pin=P3-6
Added Pin To Net: NetName=SCREEN_CS Pin=P3-7
Added Pin To Net: NetName=SCREEN_LED Pin=U2-27
Added Pin To Net: NetName=SCREEN_CS Pin=U2-28
Added Pin To Net: NetName=SCREEN_RESET Pin=U2-30
Added Pin To Net: NetName=SCREEN_MOSI Pin=U2-31
Added Pin To Net: NetName=SCREEN_SCK Pin=U2-32
Added Room: Name=lononTV
