Added Pin To Net: NetName=VCC33 Pin=<<<-1
Added Pin To Net: NetName=GPIO0 Pin=<<<-2
Added Pin To Net: NetName=ESP32_RESET Pin=<<<-3
Added Pin To Net: NetName=U0TXD Pin=<<<-4
Added Pin To Net: NetName=U0RXD Pin=<<<-5
Added Pin To Net: NetName=GND Pin=<<<-6
Added Pin To Net: NetName=VCC33 Pin=C7-1
Added Pin To Net: NetName=GND Pin=C7-2
Added Pin To Net: NetName=VCC33 Pin=C9-1
Added Pin To Net: NetName=GND Pin=C9-2
Added Pin To Net: NetName=VCC33 Pin=C39-1
Added Pin To Net: NetName=GND Pin=C39-2
Added Pin To Net: NetName=GND Pin=P3-1
Added Pin To Net: NetName=VCC33 Pin=P3-2
Added Pin To Net: NetName=SCREEN_SCK Pin=P3-3
Added Pin To Net: NetName=SCREEN_MOSI Pin=P3-4
Added Pin To Net: NetName=SCREEN_RESET Pin=P3-5
Added Pin To Net: NetName=SCREEN_DC Pin=P3-6
Added Pin To Net: NetName=SCREEN_CS Pin=P3-7
Added Pin To Net: NetName=SCREEN_LED Pin=P3-8
Added Pin To Net: NetName=NetQ1_1 Pin=Q1-1
Added Pin To Net: NetName=ESP32_RESET Pin=Q1-2
Added Pin To Net: NetName=RTS Pin=Q1-3
Added Pin To Net: NetName=NetQ2_1 Pin=Q2-1
Added Pin To Net: NetName=GPIO0 Pin=Q2-2
Added Pin To Net: NetName=DTR Pin=Q2-3
Added Pin To Net: NetName=DTR Pin=R4-1
Added Pin To Net: NetName=NetQ1_1 Pin=R4-2
Added Pin To Net: NetName=RTS Pin=R5-1
Added Pin To Net: NetName=NetQ2_1 Pin=R5-2
Added Pin To Net: NetName=NetR6_1 Pin=R6-1
Added Pin To Net: NetName=VCC Pin=R6-2
Added Pin To Net: NetName=NetR6_1 Pin=R7-1
Added Pin To Net: NetName=GND Pin=R7-2
Added Pin To Net: NetName=NetR8_1 Pin=R8-1
Added Pin To Net: NetName=VCC33 Pin=R8-2
Added Pin To Net: NetName=NetR9_1 Pin=R9-1
Added Pin To Net: NetName=GND Pin=R9-2
Added Pin To Net: NetName=DCD Pin=U3-1
Added Pin To Net: NetName=RI Pin=U3-2
Added Pin To Net: NetName=GND Pin=U3-3
Added Pin To Net: NetName=DP Pin=U3-4
Added Pin To Net: NetName=DN Pin=U3-5
Added Pin To Net: NetName=VCC33 Pin=U3-6
Added Pin To Net: NetName=VCC33 Pin=U3-7
Added Pin To Net: NetName=NetR6_1 Pin=U3-8
Added Pin To Net: NetName=NetR8_1 Pin=U3-9
Added Pin To Net: NetName=NetR9_1 Pin=U3-11
Added Pin To Net: NetName=CTS Pin=U3-23
Added Pin To Net: NetName=RTS Pin=U3-24
Added Pin To Net: NetName=U0TXD Pin=U3-25
Added Pin To Net: NetName=U0RXD Pin=U3-26
Added Pin To Net: NetName=DSR Pin=U3-27
Added Pin To Net: NetName=DTR Pin=U3-28
Added Pin To Net: NetName=GND Pin=U3-29
Added Pin To Net: NetName=GND Pin=U3-29
Added Pin To Net: NetName=GND Pin=U3-29
Added Pin To Net: NetName=GND Pin=U3-29
Added Pin To Net: NetName=GND Pin=U3-29
Added Pin To Net: NetName=GND Pin=U3-29
Added Pin To Net: NetName=GND Pin=U3-29
Added Pin To Net: NetName=GND Pin=U3-29
Added Pin To Net: NetName=GND Pin=U3-29
Added Pin To Net: NetName=GND Pin=U3-29
Added Room: Name=lononTV
