Change Component Footprint: Designator=J2 Old Footprint=PH2.0-2P SMT Á¢ New Footprint=MX1.25-2P Á¢
Added Pin To Net: NetName=VCC33 Pin=C5-1
Added Pin To Net: NetName=GND Pin=C5-2
Added Pin To Net: NetName=NetC20_1 Pin=C20-1
Added Pin To Net: NetName=GND Pin=C20-2
Added Pin To Net: NetName=NetC21_1 Pin=C21-1
Added Pin To Net: NetName=GND Pin=C21-2
Added Pin To Net: NetName=NetC22_1 Pin=C22-1
Added Pin To Net: NetName=GND Pin=C22-2
Added Pin To Net: NetName=GND Pin=C23-1
Added Pin To Net: NetName=NetC23_2 Pin=C23-2
Added Pin To Net: NetName=NetC24_1 Pin=C24-1
Added Pin To Net: NetName=GND Pin=C24-2
Added Pin To Net: NetName=ES_N Pin=C25-1
Added Pin To Net: NetName=NetC23_2 Pin=C25-2
Added Pin To Net: NetName=NetC24_1 Pin=C26-1
Added Pin To Net: NetName=ES_P Pin=C26-2
Added Pin To Net: NetName=GND Pin=C27-1
Added Pin To Net: NetName=NetC27_2 Pin=C27-2
Added Pin To Net: NetName=GND Pin=C28-1
Added Pin To Net: NetName=VCC Pin=C28-2
Added Pin To Net: NetName=GND Pin=C29-1
Added Pin To Net: NetName=VCC Pin=C29-2
Added Pin To Net: NetName=VCC Pin=C31-1
Added Pin To Net: NetName=GND Pin=C31-2
Added Pin To Net: NetName=GND Pin=C32-1
Added Pin To Net: NetName=VCC33 Pin=C32-2
Added Pin To Net: NetName=GND Pin=C33-1
Added Pin To Net: NetName=VCC33 Pin=C33-2
Added Pin To Net: NetName=GND Pin=C34-1
Added Pin To Net: NetName=VCC33 Pin=C34-2
Added Pin To Net: NetName=NetC35_1 Pin=C35-1
Added Pin To Net: NetName=ES_N Pin=C35-2
Added Pin To Net: NetName=NetC36_1 Pin=C36-1
Added Pin To Net: NetName=ES_P Pin=C36-2
Added Pin To Net: NetName=GND Pin=C37-1
Added Pin To Net: NetName=ES_N Pin=C37-2
Added Pin To Net: NetName=ES_P Pin=C38-1
Added Pin To Net: NetName=GND Pin=C38-2
Added Pin To Net: NetName=VCC33 Pin=C39-1
Added Pin To Net: NetName=GND Pin=C39-2
Added Pin To Net: NetName=DECODER_A Pin=C40-1
Added Pin To Net: NetName=GND Pin=C40-2
Added Pin To Net: NetName=DECODER_B Pin=C41-1
Added Pin To Net: NetName=GND Pin=C41-2
Added Pin To Net: NetName=DECODER_SW2 Pin=C42-1
Added Pin To Net: NetName=GND Pin=C42-2
Added Pin To Net: NetName=PA_OUTL+ Pin=J2-1
Added Pin To Net: NetName=PA_OUTL- Pin=J2-2
Added Pin To Net: NetName=GND Pin=P3-1
Added Pin To Net: NetName=VCC33 Pin=P3-2
Added Pin To Net: NetName=SCREEN_SCK Pin=P3-3
Added Pin To Net: NetName=SCREEN_MOSI Pin=P3-4
Added Pin To Net: NetName=SCREEN_RESET Pin=P3-5
Added Pin To Net: NetName=SCREEN_DC Pin=P3-6
Added Pin To Net: NetName=SCREEN_CS Pin=P3-7
Added Pin To Net: NetName=SCREEN_LED Pin=P3-8
Added Pin To Net: NetName=DECODER_B Pin=P4-1
Added Pin To Net: NetName=GND Pin=P4-2
Added Pin To Net: NetName=DECODER_SW2 Pin=P4-3
Added Pin To Net: NetName=DECODER_A Pin=P4-4
Added Pin To Net: NetName=PA_INL- Pin=R20-1
Added Pin To Net: NetName=NetC35_1 Pin=R20-2
Added Pin To Net: NetName=PA_INL+ Pin=R21-1
Added Pin To Net: NetName=NetC36_1 Pin=R21-2
Added Pin To Net: NetName=I2C_SCL Pin=U5-1
Added Pin To Net: NetName=VCC33 Pin=U5-3
Added Pin To Net: NetName=VCC33 Pin=U5-4
Added Pin To Net: NetName=GND Pin=U5-5
Added Pin To Net: NetName=I2S_BCLK Pin=U5-6
Added Pin To Net: NetName=I2S_LRCK Pin=U5-8
Added Pin To Net: NetName=I2S_SDO Pin=U5-9
Added Pin To Net: NetName=GND Pin=U5-10
Added Pin To Net: NetName=VCC33 Pin=U5-11
Added Pin To Net: NetName=NetC24_1 Pin=U5-12
Added Pin To Net: NetName=NetC23_2 Pin=U5-13
Added Pin To Net: NetName=NetC22_1 Pin=U5-14
Added Pin To Net: NetName=NetC21_1 Pin=U5-15
Added Pin To Net: NetName=NetC20_1 Pin=U5-16
Added Pin To Net: NetName=I2C_SDA Pin=U5-19
Added Pin To Net: NetName=GND Pin=U5-20
Added Pin To Net: NetName=GND Pin=U5-21
Added Pin To Net: NetName=VCC Pin=U6-1
Added Pin To Net: NetName=NetC27_2 Pin=U6-2
Added Pin To Net: NetName=PA_INL+ Pin=U6-3
Added Pin To Net: NetName=PA_INL- Pin=U6-4
Added Pin To Net: NetName=PA_OUTL- Pin=U6-5
Added Pin To Net: NetName=VCC Pin=U6-6
Added Pin To Net: NetName=GND Pin=U6-7
Added Pin To Net: NetName=PA_OUTL+ Pin=U6-8
Added Room: Name=lononTV
