Removed Pin From Net: NetName=I2C_SCL Pin=U2-12
Removed Pin From Net: NetName=I2C_SDA Pin=U2-13
Removed Pin From Net: NetName=I2S_BCLK Pin=U2-14
Removed Pin From Net: NetName=I2S_SDO Pin=U2-15
Removed Pin From Net: NetName=I2S_LRCK Pin=U2-16
Removed Pin From Net: NetName=SCREEN_LED Pin=U2-27
Removed Pin From Net: NetName=SCREEN_CS Pin=U2-28
Removed Pin From Net: NetName=SCREEN_DC Pin=U2-29
Removed Pin From Net: NetName=SCREEN_RESET Pin=U2-30
Removed Pin From Net: NetName=SCREEN_MOSI Pin=U2-31
Removed Pin From Net: NetName=SCREEN_SCK Pin=U2-32
Added Pin To Net: NetName=SCREEN_SCK Pin=U2-11
Added Pin To Net: NetName=SCREEN_MOSI Pin=U2-12
Added Pin To Net: NetName=SCREEN_RESET Pin=U2-13
Added Pin To Net: NetName=SCREEN_DC Pin=U2-14
Added Pin To Net: NetName=SCREEN_CS Pin=U2-15
Added Pin To Net: NetName=SCREEN_LED Pin=U2-16
Added Pin To Net: NetName=I2S_LRCK Pin=U2-27
Added Pin To Net: NetName=I2S_SDO Pin=U2-28
Added Pin To Net: NetName=I2S_BCLK Pin=U2-29
Added Pin To Net: NetName=I2C_SDA Pin=U2-30
Added Pin To Net: NetName=I2C_SCL Pin=U2-31
Added Room: Name=lononTV
